<?xml version="1.0" encoding="UTF-8"?>
<testng-results skipped="0" failed="1" ignored="0" total="3" passed="2">
  <reporter-output>
  </reporter-output>
  <suite name="Default suite" duration-ms="64323" started-at="2022-05-29T09:15:25 IST" finished-at="2022-05-29T09:16:30 IST">
    <groups>
      <group name="cucumber">
        <method signature="AbstractTestNGCucumberTests.runScenario(io.cucumber.testng.PickleWrapper,io.cucumber.testng.FeatureWrapper)[pri:0, instance:runner.TestNG_Runner@42607a4f]" name="runScenario" class="io.cucumber.testng.AbstractTestNGCucumberTests"/>
      </group> <!-- cucumber -->
    </groups>
    <test name="Default test" duration-ms="64323" started-at="2022-05-29T09:15:25 IST" finished-at="2022-05-29T09:16:30 IST">
      <class name="runner.TestNG_Runner">
        <test-method status="PASS" signature="setUpClass(org.testng.ITestContext)[pri:0, instance:runner.TestNG_Runner@42607a4f]" name="setUpClass" is-config="true" duration-ms="830" started-at="2022-05-29T09:15:26 IST" finished-at="2022-05-29T09:15:26 IST">
          <params>
            <param index="0">
              <value>
                <![CDATA[org.testng.TestRunner@53c1179a]]>
              </value>
            </param>
          </params>
          <reporter-output>
          </reporter-output>
        </test-method> <!-- setUpClass -->
        <test-method status="PASS" signature="runScenario(io.cucumber.testng.PickleWrapper,io.cucumber.testng.FeatureWrapper)[pri:0, instance:runner.TestNG_Runner@42607a4f]" name="runScenario" duration-ms="35575" started-at="2022-05-29T09:15:26 IST" description="Runs Cucumber Scenarios" data-provider="scenarios" finished-at="2022-05-29T09:16:02 IST">
          <params>
            <param index="0">
              <value>
                <![CDATA["Search experience for product search in both Home and Offers page"]]>
              </value>
            </param>
            <param index="1">
              <value>
                <![CDATA["Optional[Place the order for products]"]]>
              </value>
            </param>
          </params>
          <reporter-output>
          </reporter-output>
        </test-method> <!-- runScenario -->
        <test-method status="PASS" signature="runScenario(io.cucumber.testng.PickleWrapper,io.cucumber.testng.FeatureWrapper)[pri:0, instance:runner.TestNG_Runner@42607a4f]" name="runScenario" duration-ms="10996" started-at="2022-05-29T09:16:02 IST" description="Runs Cucumber Scenarios" data-provider="scenarios" finished-at="2022-05-29T09:16:13 IST">
          <params>
            <param index="0">
              <value>
                <![CDATA["Search experience for product search in both Home and Offers page"]]>
              </value>
            </param>
            <param index="1">
              <value>
                <![CDATA["Optional[Search and Place order for products]"]]>
              </value>
            </param>
          </params>
          <reporter-output>
          </reporter-output>
        </test-method> <!-- runScenario -->
        <test-method status="FAIL" signature="runScenario(io.cucumber.testng.PickleWrapper,io.cucumber.testng.FeatureWrapper)[pri:0, instance:runner.TestNG_Runner@42607a4f]" name="runScenario" duration-ms="16292" started-at="2022-05-29T09:16:13 IST" description="Runs Cucumber Scenarios" data-provider="scenarios" finished-at="2022-05-29T09:16:29 IST">
          <params>
            <param index="0">
              <value>
                <![CDATA["Search experience for product search in both Home and Offers page"]]>
              </value>
            </param>
            <param index="1">
              <value>
                <![CDATA["Optional[Search and Place order for products]"]]>
              </value>
            </param>
          </params>
          <exception class="org.openqa.selenium.NoSuchElementException">
            <message>
              <![CDATA[no such element: Unable to locate element: {"method":"xpath","selector":"//*[contains(text(),'Tomato')]"}
  (Session info: chrome=102.0.5005.61)
For documentation on this error, please visit: https://www.seleniumhq.org/exceptions/no_such_element.html
Build info: version: '3.141.59', revision: 'e82be7d358', time: '2018-11-14T08:17:03'
System info: host: 'SHASHANKs-MacBook-Pro.local', ip: 'fe80:0:0:0:8e4:c37d:62b9:52aa%en0', os.name: 'Mac OS X', os.arch: 'x86_64', os.version: '10.16', java.version: '1.8.0_202'
Driver info: org.openqa.selenium.chrome.ChromeDriver
Capabilities {acceptInsecureCerts: false, browserName: chrome, browserVersion: 102.0.5005.61, chrome: {chromedriverVersion: 102.0.5005.61 (0e59bcc00cc4..., userDataDir: /var/folders/71/vbbw8l1j5wn...}, goog:chromeOptions: {debuggerAddress: localhost:54239}, javascriptEnabled: true, networkConnectionEnabled: false, pageLoadStrategy: normal, platform: MAC, platformName: MAC, proxy: Proxy(), setWindowRect: true, strictFileInteractability: false, timeouts: {implicit: 0, pageLoad: 300000, script: 30000}, unhandledPromptBehavior: dismiss and notify, webauthn:extension:credBlob: true, webauthn:extension:largeBlob: true, webauthn:virtualAuthenticators: true}
Session ID: a12d76e43c0119016c0d22df519e54fd
*** Element info: {Using=xpath, value=//*[contains(text(),'Tomato')]}]]>
            </message>
            <full-stacktrace>
              <![CDATA[org.openqa.selenium.NoSuchElementException: no such element: Unable to locate element: {"method":"xpath","selector":"//*[contains(text(),'Tomato')]"}
  (Session info: chrome=102.0.5005.61)
For documentation on this error, please visit: https://www.seleniumhq.org/exceptions/no_such_element.html
Build info: version: '3.141.59', revision: 'e82be7d358', time: '2018-11-14T08:17:03'
System info: host: 'SHASHANKs-MacBook-Pro.local', ip: 'fe80:0:0:0:8e4:c37d:62b9:52aa%en0', os.name: 'Mac OS X', os.arch: 'x86_64', os.version: '10.16', java.version: '1.8.0_202'
Driver info: org.openqa.selenium.chrome.ChromeDriver
Capabilities {acceptInsecureCerts: false, browserName: chrome, browserVersion: 102.0.5005.61, chrome: {chromedriverVersion: 102.0.5005.61 (0e59bcc00cc4..., userDataDir: /var/folders/71/vbbw8l1j5wn...}, goog:chromeOptions: {debuggerAddress: localhost:54239}, javascriptEnabled: true, networkConnectionEnabled: false, pageLoadStrategy: normal, platform: MAC, platformName: MAC, proxy: Proxy(), setWindowRect: true, strictFileInteractability: false, timeouts: {implicit: 0, pageLoad: 300000, script: 30000}, unhandledPromptBehavior: dismiss and notify, webauthn:extension:credBlob: true, webauthn:extension:largeBlob: true, webauthn:virtualAuthenticators: true}
Session ID: a12d76e43c0119016c0d22df519e54fd
*** Element info: {Using=xpath, value=//*[contains(text(),'Tomato')]}
at sun.reflect.NativeConstructorAccessorImpl.newInstance0(Native Method)
at sun.reflect.NativeConstructorAccessorImpl.newInstance(NativeConstructorAccessorImpl.java:62)
at sun.reflect.DelegatingConstructorAccessorImpl.newInstance(DelegatingConstructorAccessorImpl.java:45)
at java.lang.reflect.Constructor.newInstance(Constructor.java:423)
at org.openqa.selenium.remote.http.W3CHttpResponseCodec.createException(W3CHttpResponseCodec.java:187)
at org.openqa.selenium.remote.http.W3CHttpResponseCodec.decode(W3CHttpResponseCodec.java:122)
at org.openqa.selenium.remote.http.W3CHttpResponseCodec.decode(W3CHttpResponseCodec.java:49)
at org.openqa.selenium.remote.HttpCommandExecutor.execute(HttpCommandExecutor.java:158)
at org.openqa.selenium.remote.service.DriverCommandExecutor.execute(DriverCommandExecutor.java:83)
at org.openqa.selenium.remote.RemoteWebDriver.execute(RemoteWebDriver.java:552)
at org.openqa.selenium.remote.RemoteWebDriver.findElement(RemoteWebDriver.java:323)
at org.openqa.selenium.remote.RemoteWebDriver.findElementByXPath(RemoteWebDriver.java:428)
at org.openqa.selenium.By$ByXPath.findElement(By.java:353)
at org.openqa.selenium.remote.RemoteWebDriver.findElement(RemoteWebDriver.java:315)
at pageobjects.LandingPage.getProductName(LandingPage.java:29)
at stepDefinitions.LandingPageStepDefinition.user_searched_with_shortcut_and_extracted_actual_name_of_product(LandingPageStepDefinition.java:46)
at ✽.user searched with shortcut Beet and extracted actual name of product(file:///Users/shashank/eclipse-workspace/RS_CucumberFramework/src/test/java/features/searchProduct.feature:6)
]]>
            </full-stacktrace>
          </exception> <!-- org.openqa.selenium.NoSuchElementException -->
          <reporter-output>
          </reporter-output>
        </test-method> <!-- runScenario -->
        <test-method status="PASS" signature="tearDownClass()[pri:0, instance:runner.TestNG_Runner@42607a4f]" name="tearDownClass" is-config="true" duration-ms="565" started-at="2022-05-29T09:16:29 IST" finished-at="2022-05-29T09:16:30 IST">
          <reporter-output>
          </reporter-output>
        </test-method> <!-- tearDownClass -->
      </class> <!-- runner.TestNG_Runner -->
    </test> <!-- Default test -->
  </suite> <!-- Default suite -->
</testng-results>
